This is pdfTeX, Version 3.14159265-2.6-1.40.16 (MiKTeX 2.9) (preloaded format=pdflatex 2016.2.9)  25 JUL 2016 14:17
entering extended mode
**C:/Users/Paul/Desktop/BioFVM/documentation/BioFVM_tutorial.tex
(C:/Users/Paul/Desktop/BioFVM/documentation/BioFVM_tutorial.tex
LaTeX2e <2015/10/01> patch level 2
Babel <3.9n> and hyphenation patterns for 69 languages loaded.
("C:\Users\Paul\AppData\Local\Programs\MiKTeX 2.9\tex\latex\base\article.cls"
Document Class: article 2014/09/29 v1.4h Standard LaTeX document class
("C:\Users\Paul\AppData\Local\Programs\MiKTeX 2.9\tex\latex\base\size11.clo"
File: size11.clo 2014/09/29 v1.4h Standard LaTeX file (size option)
)
\c@part=\count79
\c@section=\count80
\c@subsection=\count81
\c@subsubsection=\count82
\c@paragraph=\count83
\c@subparagraph=\count84
\c@figure=\count85
\c@table=\count86
\abovecaptionskip=\skip41
\belowcaptionskip=\skip42
\bibindent=\dimen102
)
("C:\Users\Paul\AppData\Local\Programs\MiKTeX 2.9\tex\latex\geometry\geometry.s
ty"
Package: geometry 2010/09/12 v5.6 Page Geometry

("C:\Users\Paul\AppData\Local\Programs\MiKTeX 2.9\tex\latex\graphics\keyval.sty
"
Package: keyval 2014/10/28 v1.15 key=value parser (DPC)
\KV@toks@=\toks14
)
("C:\Users\Paul\AppData\Local\Programs\MiKTeX 2.9\tex\generic\oberdiek\ifpdf.st
y"
Package: ifpdf 2011/01/30 v2.3 Provides the ifpdf switch (HO)
Package ifpdf Info: pdfTeX in PDF mode is detected.
)
("C:\Users\Paul\AppData\Local\Programs\MiKTeX 2.9\tex\generic\oberdiek\ifvtex.s
ty"
Package: ifvtex 2010/03/01 v1.5 Detect VTeX and its facilities (HO)
Package ifvtex Info: VTeX not detected.
)
("C:\Users\Paul\AppData\Local\Programs\MiKTeX 2.9\tex\generic\ifxetex\ifxetex.s
ty"
Package: ifxetex 2010/09/12 v0.6 Provides ifxetex conditional
)
\Gm@cnth=\count87
\Gm@cntv=\count88
\c@Gm@tempcnt=\count89
\Gm@bindingoffset=\dimen103
\Gm@wd@mp=\dimen104
\Gm@odd@mp=\dimen105
\Gm@even@mp=\dimen106
\Gm@layoutwidth=\dimen107
\Gm@layoutheight=\dimen108
\Gm@layouthoffset=\dimen109
\Gm@layoutvoffset=\dimen110
\Gm@dimlist=\toks15

("C:\Users\Paul\AppData\Local\Programs\MiKTeX 2.9\tex\latex\geometry\geometry.c
fg"))
("C:\Users\Paul\AppData\Local\Programs\MiKTeX 2.9\tex\latex\amsmath\amsmath.sty
"
Package: amsmath 2013/01/14 v2.14 AMS math features
\@mathmargin=\skip43

For additional information on amsmath, use the `?' option.
("C:\Users\Paul\AppData\Local\Programs\MiKTeX 2.9\tex\latex\amsmath\amstext.sty
"
Package: amstext 2000/06/29 v2.01
 ("C:\Users\Paul\AppData\Local\Programs\MiKTeX 2.9\tex\latex\amsmath\amsgen.sty
"
File: amsgen.sty 1999/11/30 v2.0
\@emptytoks=\toks16
\ex@=\dimen111
))
("C:\Users\Paul\AppData\Local\Programs\MiKTeX 2.9\tex\latex\amsmath\amsbsy.sty"
Package: amsbsy 1999/11/29 v1.2d
\pmbraise@=\dimen112
) ("C:\Users\Paul\AppData\Local\Programs\MiKTeX 2.9\tex\latex\amsmath\amsopn.st
y"
Package: amsopn 1999/12/14 v2.01 operator names
)
\inf@bad=\count90
LaTeX Info: Redefining \frac on input line 210.
\uproot@=\count91
\leftroot@=\count92
LaTeX Info: Redefining \overline on input line 306.
\classnum@=\count93
\DOTSCASE@=\count94
LaTeX Info: Redefining \ldots on input line 378.
LaTeX Info: Redefining \dots on input line 381.
LaTeX Info: Redefining \cdots on input line 466.
\Mathstrutbox@=\box26
\strutbox@=\box27
\big@size=\dimen113
LaTeX Font Info:    Redeclaring font encoding OML on input line 566.
LaTeX Font Info:    Redeclaring font encoding OMS on input line 567.
\macc@depth=\count95
\c@MaxMatrixCols=\count96
\dotsspace@=\muskip10
\c@parentequation=\count97
\dspbrk@lvl=\count98
\tag@help=\toks17
\row@=\count99
\column@=\count100
\maxfields@=\count101
\andhelp@=\toks18
\eqnshift@=\dimen114
\alignsep@=\dimen115
\tagshift@=\dimen116
\tagwidth@=\dimen117
\totwidth@=\dimen118
\lineht@=\dimen119
\@envbody=\toks19
\multlinegap=\skip44
\multlinetaggap=\skip45
\mathdisplay@stack=\toks20
LaTeX Info: Redefining \[ on input line 2665.
LaTeX Info: Redefining \] on input line 2666.
)
("C:\Users\Paul\AppData\Local\Programs\MiKTeX 2.9\tex\latex\amsfonts\amssymb.st
y"
Package: amssymb 2013/01/14 v3.01 AMS font symbols

("C:\Users\Paul\AppData\Local\Programs\MiKTeX 2.9\tex\latex\amsfonts\amsfonts.s
ty"
Package: amsfonts 2013/01/14 v3.01 Basic AMSFonts support
\symAMSa=\mathgroup4
\symAMSb=\mathgroup5
LaTeX Font Info:    Overwriting math alphabet `\mathfrak' in version `bold'
(Font)                  U/euf/m/n --> U/euf/b/n on input line 106.
))
("C:\Users\Paul\AppData\Local\Programs\MiKTeX 2.9\tex\latex\dstroke\dsfont.sty"
Package: dsfont 1995/08/01 v0.1 Double stroke roman fonts
) ("C:\Users\Paul\AppData\Local\Programs\MiKTeX 2.9\tex\latex\bbm\bbm.sty"
Package: bbm 1999/03/15 V 1.2 provides fonts for set symbols - TH
LaTeX Font Info:    Overwriting math alphabet `\mathbbm' in version `bold'
(Font)                  U/bbm/m/n --> U/bbm/bx/n on input line 33.
LaTeX Font Info:    Overwriting math alphabet `\mathbbmss' in version `bold'
(Font)                  U/bbmss/m/n --> U/bbmss/bx/n on input line 35.
)
("C:\Users\Paul\AppData\Local\Programs\MiKTeX 2.9\tex\latex\stmaryrd\stmaryrd.s
ty"
Package: stmaryrd 1994/03/03 St Mary's Road symbol package
\symstmry=\mathgroup6
LaTeX Font Info:    Overwriting symbol font `stmry' in version `bold'
(Font)                  U/stmry/m/n --> U/stmry/b/n on input line 89.
)
("C:\Users\Paul\AppData\Local\Programs\MiKTeX 2.9\tex\latex\graphics\graphicx.s
ty"
Package: graphicx 2014/10/28 v1.0g Enhanced LaTeX Graphics (DPC,SPQR)

("C:\Users\Paul\AppData\Local\Programs\MiKTeX 2.9\tex\latex\graphics\graphics.s
ty"
Package: graphics 2014/10/28 v1.0p Standard LaTeX Graphics (DPC,SPQR)

("C:\Users\Paul\AppData\Local\Programs\MiKTeX 2.9\tex\latex\graphics\trig.sty"
Package: trig 1999/03/16 v1.09 sin cos tan (DPC)
)
("C:\Users\Paul\AppData\Local\Programs\MiKTeX 2.9\tex\latex\00miktex\graphics.c
fg"
File: graphics.cfg 2007/01/18 v1.5 graphics configuration of teTeX/TeXLive
)
Package graphics Info: Driver file: pdftex.def on input line 94.

("C:\Users\Paul\AppData\Local\Programs\MiKTeX 2.9\tex\latex\pdftex-def\pdftex.d
ef"
File: pdftex.def 2011/05/27 v0.06d Graphics/color for pdfTeX

("C:\Users\Paul\AppData\Local\Programs\MiKTeX 2.9\tex\generic\oberdiek\infwarer
r.sty"
Package: infwarerr 2010/04/08 v1.3 Providing info/warning/error messages (HO)
)
("C:\Users\Paul\AppData\Local\Programs\MiKTeX 2.9\tex\generic\oberdiek\ltxcmds.
sty"
Package: ltxcmds 2011/11/09 v1.22 LaTeX kernel commands for general use (HO)
)
\Gread@gobject=\count102
))
\Gin@req@height=\dimen120
\Gin@req@width=\dimen121
)
("C:\Users\Paul\AppData\Local\Programs\MiKTeX 2.9\tex\latex\pbox\pbox.sty"
Package: pbox 2011/12/07 v1.2 Dynamic parboxes

("C:\Users\Paul\AppData\Local\Programs\MiKTeX 2.9\tex\latex\tools\calc.sty"
Package: calc 2014/10/28 v4.3 Infix arithmetic (KKT,FJ)
\calc@Acount=\count103
\calc@Bcount=\count104
\calc@Adimen=\dimen122
\calc@Bdimen=\dimen123
\calc@Askip=\skip46
\calc@Bskip=\skip47
LaTeX Info: Redefining \setlength on input line 80.
LaTeX Info: Redefining \addtolength on input line 81.
\calc@Ccount=\count105
\calc@Cskip=\skip48
)
("C:\Users\Paul\AppData\Local\Programs\MiKTeX 2.9\tex\latex\base\ifthen.sty"
Package: ifthen 2014/09/29 v1.1c Standard LaTeX ifthen package (DPC)
)
\pb@xlen=\skip49
)
("C:\Users\Paul\AppData\Local\Programs\MiKTeX 2.9\tex\latex\hyperref\hyperref.s
ty"
Package: hyperref 2012/11/06 v6.83m Hypertext links for LaTeX

("C:\Users\Paul\AppData\Local\Programs\MiKTeX 2.9\tex\generic\oberdiek\hobsub-h
yperref.sty"
Package: hobsub-hyperref 2012/04/25 v1.12 Bundle oberdiek, subset hyperref (HO)


("C:\Users\Paul\AppData\Local\Programs\MiKTeX 2.9\tex\generic\oberdiek\hobsub-g
eneric.sty"
Package: hobsub-generic 2012/04/25 v1.12 Bundle oberdiek, subset generic (HO)
Package: hobsub 2012/04/25 v1.12 Construct package bundles (HO)
Package hobsub Info: Skipping package `infwarerr' (already loaded).
Package hobsub Info: Skipping package `ltxcmds' (already loaded).
Package: ifluatex 2010/03/01 v1.3 Provides the ifluatex switch (HO)
Package ifluatex Info: LuaTeX not detected.
Package hobsub Info: Skipping package `ifvtex' (already loaded).
Package: intcalc 2007/09/27 v1.1 Expandable calculations with integers (HO)
Package hobsub Info: Skipping package `ifpdf' (already loaded).
Package: etexcmds 2011/02/16 v1.5 Avoid name clashes with e-TeX commands (HO)
Package etexcmds Info: Could not find \expanded.
(etexcmds)             That can mean that you are not using pdfTeX 1.50 or
(etexcmds)             that some package has redefined \expanded.
(etexcmds)             In the latter case, load this package earlier.
Package: kvsetkeys 2012/04/25 v1.16 Key value parser (HO)
Package: kvdefinekeys 2011/04/07 v1.3 Define keys (HO)
Package: pdftexcmds 2011/11/29 v0.20 Utility functions of pdfTeX for LuaTeX (HO
)
Package pdftexcmds Info: LuaTeX not detected.
Package pdftexcmds Info: \pdf@primitive is available.
Package pdftexcmds Info: \pdf@ifprimitive is available.
Package pdftexcmds Info: \pdfdraftmode found.
Package: pdfescape 2011/11/25 v1.13 Implements pdfTeX's escape features (HO)
Package: bigintcalc 2012/04/08 v1.3 Expandable calculations on big integers (HO
)
Package: bitset 2011/01/30 v1.1 Handle bit-vector datatype (HO)
Package: uniquecounter 2011/01/30 v1.2 Provide unlimited unique counter (HO)
)
Package hobsub Info: Skipping package `hobsub' (already loaded).
Package: letltxmacro 2010/09/02 v1.4 Let assignment for LaTeX macros (HO)
Package: hopatch 2011/06/24 v1.1 Wrapper for package hooks (HO)
Package: xcolor-patch 2011/01/30 xcolor patch
Package: atveryend 2011/06/30 v1.8 Hooks at the very end of document (HO)
Package atveryend Info: \enddocument detected (standard20110627).
Package: atbegshi 2011/10/05 v1.16 At begin shipout hook (HO)
Package: refcount 2011/10/16 v3.4 Data extraction from label references (HO)
Package: hycolor 2011/01/30 v1.7 Color options for hyperref/bookmark (HO)
)
("C:\Users\Paul\AppData\Local\Programs\MiKTeX 2.9\tex\latex\oberdiek\auxhook.st
y"
Package: auxhook 2011/03/04 v1.3 Hooks for auxiliary files (HO)
)
("C:\Users\Paul\AppData\Local\Programs\MiKTeX 2.9\tex\latex\oberdiek\kvoptions.
sty"
Package: kvoptions 2011/06/30 v3.11 Key value format for package options (HO)
)
\@linkdim=\dimen124
\Hy@linkcounter=\count106
\Hy@pagecounter=\count107

("C:\Users\Paul\AppData\Local\Programs\MiKTeX 2.9\tex\latex\hyperref\pd1enc.def
"
File: pd1enc.def 2012/11/06 v6.83m Hyperref: PDFDocEncoding definition (HO)
)
\Hy@SavedSpaceFactor=\count108

("C:\Users\Paul\AppData\Local\Programs\MiKTeX 2.9\tex\latex\00miktex\hyperref.c
fg"
File: hyperref.cfg 2002/06/06 v1.2 hyperref configuration of TeXLive
)
Package hyperref Info: Hyper figures OFF on input line 4443.
Package hyperref Info: Link nesting OFF on input line 4448.
Package hyperref Info: Hyper index ON on input line 4451.
Package hyperref Info: Plain pages OFF on input line 4458.
Package hyperref Info: Backreferencing OFF on input line 4463.
Package hyperref Info: Implicit mode ON; LaTeX internals redefined.
Package hyperref Info: Bookmarks ON on input line 4688.
\c@Hy@tempcnt=\count109
 ("C:\Users\Paul\AppData\Local\Programs\MiKTeX 2.9\tex\latex\url\url.sty"
\Urlmuskip=\muskip11
Package: url 2013/09/16  ver 3.4  Verb mode for urls, etc.
)
LaTeX Info: Redefining \url on input line 5041.
\XeTeXLinkMargin=\dimen125
\Fld@menulength=\count110
\Field@Width=\dimen126
\Fld@charsize=\dimen127
Package hyperref Info: Hyper figures OFF on input line 6295.
Package hyperref Info: Link nesting OFF on input line 6300.
Package hyperref Info: Hyper index ON on input line 6303.
Package hyperref Info: backreferencing OFF on input line 6310.
Package hyperref Info: Link coloring OFF on input line 6315.
Package hyperref Info: Link coloring with OCG OFF on input line 6320.
Package hyperref Info: PDF/A mode OFF on input line 6325.
LaTeX Info: Redefining \ref on input line 6365.
LaTeX Info: Redefining \pageref on input line 6369.
\Hy@abspage=\count111
\c@Item=\count112
\c@Hfootnote=\count113
)

Package hyperref Message: Driver (autodetected): hpdftex.


("C:\Users\Paul\AppData\Local\Programs\MiKTeX 2.9\tex\latex\hyperref\hpdftex.de
f"
File: hpdftex.def 2012/11/06 v6.83m Hyperref driver for pdfTeX
\Fld@listcount=\count114
\c@bookmark@seq@number=\count115

("C:\Users\Paul\AppData\Local\Programs\MiKTeX 2.9\tex\latex\oberdiek\rerunfilec
heck.sty"
Package: rerunfilecheck 2011/04/15 v1.7 Rerun checks for auxiliary files (HO)
Package uniquecounter Info: New unique counter `rerunfilecheck' on input line 2
82.
)
\Hy@SectionHShift=\skip50
)
("C:\Users\Paul\AppData\Local\Programs\MiKTeX 2.9\tex\latex\changepage\changepa
ge.sty"
Package: changepage 2009/10/20 v1.0c check page and change page layout
\c@cp@cntr=\count116
\cp@tempcnt=\count117
) (BioFVM_tutorial.aux)
\openout1 = `BioFVM_tutorial.aux'.

LaTeX Font Info:    Checking defaults for OML/cmm/m/it on input line 43.
LaTeX Font Info:    ... okay on input line 43.
LaTeX Font Info:    Checking defaults for T1/cmr/m/n on input line 43.
LaTeX Font Info:    ... okay on input line 43.
LaTeX Font Info:    Checking defaults for OT1/cmr/m/n on input line 43.
LaTeX Font Info:    ... okay on input line 43.
LaTeX Font Info:    Checking defaults for OMS/cmsy/m/n on input line 43.
LaTeX Font Info:    ... okay on input line 43.
LaTeX Font Info:    Checking defaults for OMX/cmex/m/n on input line 43.
LaTeX Font Info:    ... okay on input line 43.
LaTeX Font Info:    Checking defaults for U/cmr/m/n on input line 43.
LaTeX Font Info:    ... okay on input line 43.
LaTeX Font Info:    Checking defaults for PD1/pdf/m/n on input line 43.
LaTeX Font Info:    ... okay on input line 43.

*geometry* driver: auto-detecting
*geometry* detected driver: pdftex
*geometry* verbose mode - [ preamble ] result:
* driver: pdftex
* paper: letterpaper
* layout: <same size as paper>
* layoutoffset:(h,v)=(0.0pt,0.0pt)
* modes: 
* h-part:(L,W,R)=(36.135pt, 542.02501pt, 36.135pt)
* v-part:(T,H,B)=(36.135pt, 722.7pt, 36.135pt)
* \paperwidth=614.295pt
* \paperheight=794.96999pt
* \textwidth=542.02501pt
* \textheight=722.7pt
* \oddsidemargin=-36.135pt
* \evensidemargin=-36.135pt
* \topmargin=-73.135pt
* \headheight=12.0pt
* \headsep=25.0pt
* \topskip=11.0pt
* \footskip=30.0pt
* \marginparwidth=59.0pt
* \marginparsep=10.0pt
* \columnsep=10.0pt
* \skip\footins=10.0pt plus 4.0pt minus 2.0pt
* \hoffset=0.0pt
* \voffset=0.0pt
* \mag=1000
* \@twocolumnfalse
* \@twosidefalse
* \@mparswitchfalse
* \@reversemarginfalse
* (1in=72.27pt=25.4mm, 1cm=28.453pt)


("C:\Users\Paul\AppData\Local\Programs\MiKTeX 2.9\tex\context\base\supp-pdf.mki
i"
[Loading MPS to PDF converter (version 2006.09.02).]
\scratchcounter=\count118
\scratchdimen=\dimen128
\scratchbox=\box28
\nofMPsegments=\count119
\nofMParguments=\count120
\everyMPshowfont=\toks21
\MPscratchCnt=\count121
\MPscratchDim=\dimen129
\MPnumerator=\count122
\makeMPintoPDFobject=\count123
\everyMPtoPDFconversion=\toks22
)
\AtBeginShipoutBox=\box29
Package hyperref Info: Link coloring OFF on input line 43.

("C:\Users\Paul\AppData\Local\Programs\MiKTeX 2.9\tex\latex\hyperref\nameref.st
y"
Package: nameref 2012/10/27 v2.43 Cross-referencing by name of section

("C:\Users\Paul\AppData\Local\Programs\MiKTeX 2.9\tex\generic\oberdiek\gettitle
string.sty"
Package: gettitlestring 2010/12/03 v1.4 Cleanup title references (HO)
)
\c@section@level=\count124
)
LaTeX Info: Redefining \ref on input line 43.
LaTeX Info: Redefining \pageref on input line 43.
LaTeX Info: Redefining \nameref on input line 43.
 (BioFVM_tutorial.out) (BioFVM_tutorial.out)
\@outlinefile=\write3
\openout3 = `BioFVM_tutorial.out'.

LaTeX Font Info:    Try loading font information for U+msa on input line 54.

("C:\Users\Paul\AppData\Local\Programs\MiKTeX 2.9\tex\latex\amsfonts\umsa.fd"
File: umsa.fd 2013/01/14 v3.01 AMS symbols A
)
LaTeX Font Info:    Try loading font information for U+msb on input line 54.

("C:\Users\Paul\AppData\Local\Programs\MiKTeX 2.9\tex\latex\amsfonts\umsb.fd"
File: umsb.fd 2013/01/14 v3.01 AMS symbols B
)
LaTeX Font Info:    Try loading font information for U+stmry on input line 54.

("C:\Users\Paul\AppData\Local\Programs\MiKTeX 2.9\tex\latex\stmaryrd\ustmry.fd"
)
Underfull \hbox (badness 10000) in paragraph at lines 109--110

 []

[1

{C:/Users/Paul/AppData/Local/MiKTeX/2.9/pdftex/config/pdftex.map}] [2]
Overfull \hbox (22.16168pt too wide) in paragraph at lines 218--223
[]\OT1/cmr/m/n/10.95 To be-gin, down-load the BioFVM pack-age and go to the par
-ent di-rec-tory. Cre-ate a new cpp file ([]\OT1/cmtt/m/n/10.95 tutorial1_BioFV
M.cpp\OT1/cmr/m/n/10.95 )
 []

[3] [4] <./figures/tutorial1_fig1.png, id=79, 421.575pt x 316.18124pt>
File: ./figures/tutorial1_fig1.png Graphic file (type png)

<use ./figures/tutorial1_fig1.png>
Package pdftex.def Info: ./figures/tutorial1_fig1.png used on input line 339.
(pdftex.def)             Requested size: 243.90959pt x 182.93655pt.

Overfull \hbox (4.10033pt too wide) in paragraph at lines 349--349
[]\OT1/cmtt/m/n/10.95 microenvironment.diffusion_decay_solver = diffusion_decay
_solver__constant_coefficients_LOD_3D;[] 
 []

[5 <./figures/tutorial1_fig1.png (PNG copy)>] [6]
<./figures/tutorial1_fig2.png, id=92, 421.575pt x 316.18124pt>
File: ./figures/tutorial1_fig2.png Graphic file (type png)

<use ./figures/tutorial1_fig2.png>
Package pdftex.def Info: ./figures/tutorial1_fig2.png used on input line 435.
(pdftex.def)             Requested size: 243.90959pt x 182.93655pt.
 [7 <./figures/tutorial1_fig2.png (PNG copy)>]
Overfull \hbox (21.34639pt too wide) in paragraph at lines 496--496
[]    \OT1/cmtt/m/n/10.95 if( abs(domain_upper_bound - microenvironment->voxels
(voxel_index).center[0]) < strip_width ||[] 
 []


Overfull \hbox (21.34639pt too wide) in paragraph at lines 496--496
[]        \OT1/cmtt/m/n/10.95 abs(microenvironment->voxels(voxel_index).center[
0] - domain_lower_bound)< strip_width  ||[] 
 []


Overfull \hbox (21.34639pt too wide) in paragraph at lines 496--496
[]        \OT1/cmtt/m/n/10.95 abs(domain_upper_bound - microenvironment->voxels
(voxel_index).center[1]) < strip_width ||[] 
 []


Overfull \hbox (21.34639pt too wide) in paragraph at lines 496--496
[]        \OT1/cmtt/m/n/10.95 abs(microenvironment->voxels(voxel_index).center[
1] - domain_lower_bound)< strip_width  ||[] 
 []


Overfull \hbox (21.34639pt too wide) in paragraph at lines 496--496
[]        \OT1/cmtt/m/n/10.95 abs(domain_upper_bound - microenvironment->voxels
(voxel_index).center[2]) < strip_width ||[] 
 []


Overfull \hbox (9.84901pt too wide) in paragraph at lines 496--496
[]        \OT1/cmtt/m/n/10.95 abs(microenvironment->voxels(voxel_index).center[
2] - domain_lower_bound)< strip_width )[] 
 []


Overfull \hbox (4.10033pt too wide) in paragraph at lines 508--508
[]\OT1/cmtt/m/n/10.95 void tutorial2_supply_saturation_function( Microenvironme
nt* microenvironment, int voxel_index,[] 
 []

[8]
Overfull \hbox (21.34639pt too wide) in paragraph at lines 527--527
[]    \OT1/cmtt/m/n/10.95 center[0] = (microenvironment->mesh.bounding_box[0]+m
icroenvironment->mesh.bounding_box[3])/2;[] 
 []


Overfull \hbox (21.34639pt too wide) in paragraph at lines 527--527
[]    \OT1/cmtt/m/n/10.95 center[1] = (microenvironment->mesh.bounding_box[1]+m
icroenvironment->mesh.bounding_box[4])/2;[] 
 []


Overfull \hbox (21.34639pt too wide) in paragraph at lines 527--527
[]    \OT1/cmtt/m/n/10.95 center[2] = (microenvironment->mesh.bounding_box[2]+m
icroenvironment->mesh.bounding_box[5])/2;[] 
 []


Overfull \hbox (21.34639pt too wide) in paragraph at lines 527--527
[]    \OT1/cmtt/m/n/10.95 if(sqrt( norm_squared(microenvironment->voxels(voxel_
index).center - center))<spheroid_radius)[] 
 []

<./figures/tutorial2_fig1.png, id=104, 421.575pt x 316.18124pt>
File: ./figures/tutorial2_fig1.png Graphic file (type png)

<use ./figures/tutorial2_fig1.png>
Package pdftex.def Info: ./figures/tutorial2_fig1.png used on input line 552.
(pdftex.def)             Requested size: 243.90959pt x 182.93655pt.
 [9 <./figures/tutorial2_fig1.png (PNG copy)>] <./figures/tutorial3_fig1.png, i
d=111, 421.575pt x 316.18124pt>
File: ./figures/tutorial3_fig1.png Graphic file (type png)

<use ./figures/tutorial3_fig1.png>
Package pdftex.def Info: ./figures/tutorial3_fig1.png used on input line 594.
(pdftex.def)             Requested size: 243.90959pt x 182.93655pt.

Overfull \hbox (3.22859pt too wide) in paragraph at lines 621--622
[][]| 
 []


Overfull \hbox (3.22859pt too wide) in paragraph at lines 624--625
[][]| 
 []


Overfull \hbox (3.22859pt too wide) in paragraph at lines 628--629
[][]| 
 []

[10 <./figures/tutorial3_fig1.png (PNG copy)>]
<./figures/sample_colormap.png, id=120, 421.575pt x 316.18124pt>
File: ./figures/sample_colormap.png Graphic file (type png)

<use ./figures/sample_colormap.png>
Package pdftex.def Info: ./figures/sample_colormap.png used on input line 670.
(pdftex.def)             Requested size: 162.60915pt x 121.9593pt.

<./figures/sample_contour.png, id=121, 421.575pt x 316.18124pt>
File: ./figures/sample_contour.png Graphic file (type png)

<use ./figures/sample_contour.png>
Package pdftex.def Info: ./figures/sample_contour.png used on input line 671.
(pdftex.def)             Requested size: 162.60915pt x 121.9593pt.

<./figures/sample_surface.png, id=122, 421.575pt x 316.18124pt>
File: ./figures/sample_surface.png Graphic file (type png)

<use ./figures/sample_surface.png>
Package pdftex.def Info: ./figures/sample_surface.png used on input line 672.
(pdftex.def)             Requested size: 162.60915pt x 121.9593pt.


LaTeX Warning: `h' float specifier changed to `ht'.

[11]
Package atveryend Info: Empty hook `BeforeClearDocument' on input line 689.
 [12 <./figures/sample_colormap.png (PNG copy)> <./figures/sample_contour.png (
PNG copy)> <./figures/sample_surface.png (PNG copy)>]
Package atveryend Info: Empty hook `AfterLastShipout' on input line 689.
 (BioFVM_tutorial.aux)
Package atveryend Info: Executing hook `AtVeryEndDocument' on input line 689.
Package atveryend Info: Executing hook `AtEndAfterFileList' on input line 689.
Package rerunfilecheck Info: File `BioFVM_tutorial.out' has not changed.
(rerunfilecheck)             Checksum: DC5D37D98C9023BD401DBC6D5CDF2B19;859.
Package atveryend Info: Empty hook `AtVeryVeryEnd' on input line 689.
 ) 
Here is how much of TeX's memory you used:
 6749 strings out of 493634
 98615 string characters out of 3135648
 193195 words of memory out of 3000000
 10006 multiletter control sequences out of 15000+200000
 14146 words of font info for 55 fonts, out of 3000000 for 9000
 1025 hyphenation exceptions out of 8191
 29i,15n,32p,601b,440s stack positions out of 5000i,500n,10000p,200000b,50000s
<C:/Users/Paul/AppData/Local/Programs/MiKTeX 2.9/fonts/type1/public/amsfonts/
cm/cmbx12.pfb><C:/Users/Paul/AppData/Local/Programs/MiKTeX 2.9/fonts/type1/publ
ic/amsfonts/cm/cmbx8.pfb><C:/Users/Paul/AppData/Local/Programs/MiKTeX 2.9/fonts
/type1/public/amsfonts/cm/cmmi10.pfb><C:/Users/Paul/AppData/Local/Programs/MiKT
eX 2.9/fonts/type1/public/amsfonts/cm/cmmi8.pfb><C:/Users/Paul/AppData/Local/Pr
ograms/MiKTeX 2.9/fonts/type1/public/amsfonts/cm/cmr10.pfb><C:/Users/Paul/AppDa
ta/Local/Programs/MiKTeX 2.9/fonts/type1/public/amsfonts/cm/cmr12.pfb><C:/Users
/Paul/AppData/Local/Programs/MiKTeX 2.9/fonts/type1/public/amsfonts/cm/cmr17.pf
b><C:/Users/Paul/AppData/Local/Programs/MiKTeX 2.9/fonts/type1/public/amsfonts/
cm/cmr8.pfb><C:/Users/Paul/AppData/Local/Programs/MiKTeX 2.9/fonts/type1/public
/amsfonts/cm/cmsy8.pfb><C:/Users/Paul/AppData/Local/Programs/MiKTeX 2.9/fonts/t
ype1/public/amsfonts/cm/cmti10.pfb><C:/Users/Paul/AppData/Local/Programs/MiKTeX
 2.9/fonts/type1/public/amsfonts/cm/cmtt10.pfb>
Output written on BioFVM_tutorial.pdf (12 pages, 333048 bytes).
PDF statistics:
 178 PDF objects out of 1000 (max. 8388607)
 30 named destinations out of 1000 (max. 500000)
 124 words of extra memory for PDF output out of 10000 (max. 10000000)

